[15] Log opened at 2024-05-22 02:35:36.879494
[15] [Config] INFO: Control socket set up succesfully: '@xdebug-ctrl.15'
[15] [Step Debug] INFO: Connecting to configured address/port: host.docker.internal:9012.
[15] [Step Debug] WARN: Creating socket for 'host.docker.internal:9012', poll success, but error: Operation now in progress (29).
[15] [Step Debug] ERR: Could not connect to debugging client. Tried: host.docker.internal:9012 (through xdebug.client_host/xdebug.client_port).
[42] Log opened at 2024-05-22 02:35:39.035649
[42] [Config] INFO: Control socket set up succesfully: '@xdebug-ctrl.42'
[42] [Step Debug] INFO: Connecting to configured address/port: host.docker.internal:9012.
[42] [Step Debug] WARN: Creating socket for 'host.docker.internal:9012', poll success, but error: Operation now in progress (29).
[42] [Step Debug] ERR: Could not connect to debugging client. Tried: host.docker.internal:9012 (through xdebug.client_host/xdebug.client_port).
[42] Log closed at 2024-05-22 02:35:39.040863

[282] Log opened at 2024-05-22 02:35:58.846791
[282] [Config] INFO: Control socket set up succesfully: '@xdebug-ctrl.282'
[282] [Step Debug] INFO: Connecting to configured address/port: host.docker.internal:9012.
[282] [Step Debug] WARN: Creating socket for 'host.docker.internal:9012', poll success, but error: Operation now in progress (29).
[282] [Step Debug] ERR: Could not connect to debugging client. Tried: host.docker.internal:9012 (through xdebug.client_host/xdebug.client_port).
[282] [Step Debug] INFO: Connecting to configured address/port: host.docker.internal:9012.
[282] [Step Debug] WARN: Creating socket for 'host.docker.internal:9012', poll success, but error: Operation now in progress (29).
[282] [Step Debug] ERR: Could not connect to debugging client. Tried: host.docker.internal:9012 (through xdebug.client_host/xdebug.client_port).
[282] Log closed at 2024-05-22 02:35:59.088854

[287] Log opened at 2024-05-22 02:35:59.330061
[287] [Config] INFO: Control socket set up succesfully: '@xdebug-ctrl.287'
[287] [Step Debug] INFO: Connecting to configured address/port: host.docker.internal:9012.
[287] [Step Debug] WARN: Creating socket for 'host.docker.internal:9012', poll success, but error: Operation now in progress (29).
[287] [Step Debug] ERR: Could not connect to debugging client. Tried: host.docker.internal:9012 (through xdebug.client_host/xdebug.client_port).
[287] [Step Debug] INFO: Connecting to configured address/port: host.docker.internal:9012.
[287] [Step Debug] WARN: Creating socket for 'host.docker.internal:9012', poll success, but error: Operation now in progress (29).
[287] [Step Debug] ERR: Could not connect to debugging client. Tried: host.docker.internal:9012 (through xdebug.client_host/xdebug.client_port).
[287] Log closed at 2024-05-22 02:35:59.519939

[292] Log opened at 2024-05-22 02:35:59.780430
[292] [Config] INFO: Control socket set up succesfully: '@xdebug-ctrl.292'
[292] [Step Debug] INFO: Connecting to configured address/port: host.docker.internal:9012.
[292] [Step Debug] WARN: Creating socket for 'host.docker.internal:9012', poll success, but error: Operation now in progress (29).
[292] [Step Debug] ERR: Could not connect to debugging client. Tried: host.docker.internal:9012 (through xdebug.client_host/xdebug.client_port).
[292] [Step Debug] INFO: Connecting to configured address/port: host.docker.internal:9012.
[292] [Step Debug] WARN: Creating socket for 'host.docker.internal:9012', poll success, but error: Operation now in progress (29).
[292] [Step Debug] ERR: Could not connect to debugging client. Tried: host.docker.internal:9012 (through xdebug.client_host/xdebug.client_port).
[292] Log closed at 2024-05-22 02:35:59.972550

[15] Log closed at 2024-05-22 02:35:59.993638

[7] Log opened at 2024-05-22 02:36:14.336029
[7] [Config] INFO: Control socket set up succesfully: '@xdebug-ctrl.7'
[7] [Step Debug] INFO: Connecting to configured address/port: host.docker.internal:9012.
[7] [Step Debug] WARN: Creating socket for 'host.docker.internal:9012', poll success, but error: Operation now in progress (29).
[7] [Step Debug] ERR: Could not connect to debugging client. Tried: host.docker.internal:9012 (through xdebug.client_host/xdebug.client_port).
[7] [Step Debug] INFO: Connecting to configured address/port: host.docker.internal:9012.
[7] [Step Debug] WARN: Creating socket for 'host.docker.internal:9012', poll success, but error: Operation now in progress (29).
[7] [Step Debug] ERR: Could not connect to debugging client. Tried: host.docker.internal:9012 (through xdebug.client_host/xdebug.client_port).
[7] Log closed at 2024-05-22 02:36:14.543482

[8] Log opened at 2024-05-22 02:36:16.672701
[8] [Config] INFO: Control socket set up succesfully: '@xdebug-ctrl.8'
[8] [Step Debug] INFO: Connecting to configured address/port: host.docker.internal:9012.
[8] [Step Debug] WARN: Creating socket for 'host.docker.internal:9012', poll success, but error: Operation now in progress (29).
[8] [Step Debug] ERR: Could not connect to debugging client. Tried: host.docker.internal:9012 (through xdebug.client_host/xdebug.client_port).
[8] [Step Debug] INFO: Connecting to configured address/port: host.docker.internal:9012.
[8] [Step Debug] WARN: Creating socket for 'host.docker.internal:9012', poll success, but error: Operation now in progress (29).
[8] [Step Debug] ERR: Could not connect to debugging client. Tried: host.docker.internal:9012 (through xdebug.client_host/xdebug.client_port).
[8] Log closed at 2024-05-22 02:36:16.883684

[7] Log opened at 2024-05-22 02:49:50.255006
[7] [Config] INFO: Control socket set up succesfully: '@xdebug-ctrl.7'
[7] [Step Debug] INFO: Connecting to configured address/port: host.docker.internal:9012.
[7] [Step Debug] WARN: Creating socket for 'host.docker.internal:9012', poll success, but error: Operation now in progress (29).
[7] [Step Debug] ERR: Could not connect to debugging client. Tried: host.docker.internal:9012 (through xdebug.client_host/xdebug.client_port).
[7] [Step Debug] INFO: Connecting to configured address/port: host.docker.internal:9012.
[7] [Step Debug] WARN: Creating socket for 'host.docker.internal:9012', poll success, but error: Operation now in progress (29).
[7] [Step Debug] ERR: Could not connect to debugging client. Tried: host.docker.internal:9012 (through xdebug.client_host/xdebug.client_port).
[7] Log closed at 2024-05-22 02:49:50.511079

[8] Log opened at 2024-05-22 02:53:09.650186
[8] [Config] INFO: Control socket set up succesfully: '@xdebug-ctrl.8'
[8] [Step Debug] INFO: Connecting to configured address/port: host.docker.internal:9012.
[8] [Step Debug] WARN: Creating socket for 'host.docker.internal:9012', poll success, but error: Operation now in progress (29).
[8] [Step Debug] ERR: Could not connect to debugging client. Tried: host.docker.internal:9012 (through xdebug.client_host/xdebug.client_port).
[8] [Step Debug] INFO: Connecting to configured address/port: host.docker.internal:9012.
[8] [Step Debug] WARN: Creating socket for 'host.docker.internal:9012', poll success, but error: Operation now in progress (29).
[8] [Step Debug] ERR: Could not connect to debugging client. Tried: host.docker.internal:9012 (through xdebug.client_host/xdebug.client_port).
[8] Log closed at 2024-05-22 02:53:09.864320

[7] Log opened at 2024-05-22 02:53:12.294522
[7] [Config] INFO: Control socket set up succesfully: '@xdebug-ctrl.7'
[7] [Step Debug] INFO: Connecting to configured address/port: host.docker.internal:9012.
[7] [Step Debug] WARN: Creating socket for 'host.docker.internal:9012', poll success, but error: Operation now in progress (29).
[7] [Step Debug] ERR: Could not connect to debugging client. Tried: host.docker.internal:9012 (through xdebug.client_host/xdebug.client_port).
[7] Log closed at 2024-05-22 02:53:13.154582

[8] Log opened at 2024-05-22 02:53:25.064646
[8] [Config] INFO: Control socket set up succesfully: '@xdebug-ctrl.8'
[8] [Step Debug] INFO: Connecting to configured address/port: host.docker.internal:9012.
[8] [Step Debug] WARN: Creating socket for 'host.docker.internal:9012', poll success, but error: Operation now in progress (29).
[8] [Step Debug] ERR: Could not connect to debugging client. Tried: host.docker.internal:9012 (through xdebug.client_host/xdebug.client_port).
[8] [Step Debug] INFO: Connecting to configured address/port: host.docker.internal:9012.
[8] [Step Debug] WARN: Creating socket for 'host.docker.internal:9012', poll success, but error: Operation now in progress (29).
[8] [Step Debug] ERR: Could not connect to debugging client. Tried: host.docker.internal:9012 (through xdebug.client_host/xdebug.client_port).
[8] Log closed at 2024-05-22 02:53:25.270563

[7] Log opened at 2024-05-22 02:53:33.095441
[7] [Config] INFO: Control socket set up succesfully: '@xdebug-ctrl.7'
[7] [Step Debug] INFO: Connecting to configured address/port: host.docker.internal:9012.
[7] [Step Debug] WARN: Creating socket for 'host.docker.internal:9012', poll success, but error: Operation now in progress (29).
[7] [Step Debug] ERR: Could not connect to debugging client. Tried: host.docker.internal:9012 (through xdebug.client_host/xdebug.client_port).
[7] [Step Debug] INFO: Connecting to configured address/port: host.docker.internal:9012.
[7] [Step Debug] WARN: Creating socket for 'host.docker.internal:9012', poll success, but error: Operation now in progress (29).
[7] [Step Debug] ERR: Could not connect to debugging client. Tried: host.docker.internal:9012 (through xdebug.client_host/xdebug.client_port).
[7] Log closed at 2024-05-22 02:53:33.301576

[8] Log opened at 2024-05-22 02:53:40.375648
[8] [Config] INFO: Control socket set up succesfully: '@xdebug-ctrl.8'
[8] [Step Debug] INFO: Connecting to configured address/port: host.docker.internal:9012.
[8] [Step Debug] WARN: Creating socket for 'host.docker.internal:9012', poll success, but error: Operation now in progress (29).
[8] [Step Debug] ERR: Could not connect to debugging client. Tried: host.docker.internal:9012 (through xdebug.client_host/xdebug.client_port).
[8] [Step Debug] INFO: Connecting to configured address/port: host.docker.internal:9012.
[8] [Step Debug] WARN: Creating socket for 'host.docker.internal:9012', poll success, but error: Operation now in progress (29).
[8] [Step Debug] ERR: Could not connect to debugging client. Tried: host.docker.internal:9012 (through xdebug.client_host/xdebug.client_port).
[8] Log closed at 2024-05-22 02:53:40.576159

